<?xml version="1.0" encoding="UTF-8"?>
<!-- Generated by org.testng.reporters.JUnitXMLReporter -->
<testsuite hostname="qainfotech-HP-Pro-3090-Microtower-PC" ignored="0" name="Test" tests="2" failures="1" timestamp="07 Mar 2019 10:44:11 GMT" time="3.528" errors="0">
  <testcase name="Test01_launch" time="1.793" classname="com.qait.DataProvider.TestClassDp"/>
  <testcase name="Test02_ExcelRead" time="0.06" classname="com.qait.DataProvider.TestClassDp">
    <failure type="java.lang.NoSuchFieldError" message="RAW_XML_FILE_HEADER">
      <![CDATA[java.lang.NoSuchFieldError: RAW_XML_FILE_HEADER
at org.apache.poi.openxml4j.opc.internal.ZipHelper.verifyZipHeader(ZipHelper.java:180)
at org.apache.poi.openxml4j.opc.internal.ZipHelper.openZipStream(ZipHelper.java:229)
at org.apache.poi.openxml4j.opc.ZipPackage.<init>(ZipPackage.java:97)
at org.apache.poi.openxml4j.opc.OPCPackage.open(OPCPackage.java:342)
at org.apache.poi.util.PackageHelper.open(PackageHelper.java:37)
at org.apache.poi.xssf.usermodel.XSSFWorkbook.<init>(XSSFWorkbook.java:285)
at com.qait.DataProvider.TestClassDp.returnExcelSheetData(TestClassDp.java:87)
at com.qait.DataProvider.TestClassDp.Test02_ExcelRead(TestClassDp.java:37)
... Removed 25 stack frames]]>
    </failure>
  </testcase> <!-- Test02_ExcelRead -->
</testsuite> <!-- Test -->
